c:\users\shelby\source\repos\swilliams_slaythewordle\release\swilliams_slaythewordle.pch
c:\users\shelby\source\repos\swilliams_slaythewordle\release\vc142.pdb
c:\users\shelby\source\repos\swilliams_slaythewordle\release\pch.obj
c:\users\shelby\source\repos\swilliams_slaythewordle\release\wordpanel.obj
c:\users\shelby\source\repos\swilliams_slaythewordle\release\wordbank.obj
c:\users\shelby\source\repos\swilliams_slaythewordle\release\sixletterwordbank.obj
c:\users\shelby\source\repos\swilliams_slaythewordle\release\sevenletterwordbank.obj
c:\users\shelby\source\repos\swilliams_slaythewordle\release\game.obj
c:\users\shelby\source\repos\swilliams_slaythewordle\release\form1.obj
c:\users\shelby\source\repos\swilliams_slaythewordle\release\fiveletterwordbank.obj
c:\users\shelby\source\repos\swilliams_slaythewordle\release\cppclr_winformsprojekt.obj
c:\users\shelby\source\repos\swilliams_slaythewordle\release\characterlabel.obj
c:\users\shelby\source\repos\swilliams_slaythewordle\release\assemblyinfo.obj
c:\users\shelby\source\repos\swilliams_slaythewordle\release\.netframework,version=v4.7.2.assemblyattributes.obj
c:\users\shelby\source\repos\swilliams_slaythewordle\release\swilliams_slaythewordle.exe
c:\users\shelby\source\repos\swilliams_slaythewordle\release\swilliams_slaythewordle.pdb
c:\users\shelby\source\repos\swilliams_slaythewordle\release\app.res
c:\users\shelby\source\repos\swilliams_slaythewordle\release\swilliams_slaythewordle.mainform.resources
c:\users\shelby\source\repos\swilliams_slaythewordle\release\swilliams_slaythewordle.exe.metagen
c:\users\shelby\source\repos\swilliams_slaythewordle\release\swilliam.fc995e1b.tlog\cl.command.1.tlog
c:\users\shelby\source\repos\swilliams_slaythewordle\release\swilliam.fc995e1b.tlog\cl.read.1.tlog
c:\users\shelby\source\repos\swilliams_slaythewordle\release\swilliam.fc995e1b.tlog\cl.write.1.tlog
c:\users\shelby\source\repos\swilliams_slaythewordle\release\swilliam.fc995e1b.tlog\link.command.1.tlog
c:\users\shelby\source\repos\swilliams_slaythewordle\release\swilliam.fc995e1b.tlog\link.read.1.tlog
c:\users\shelby\source\repos\swilliams_slaythewordle\release\swilliam.fc995e1b.tlog\link.write.1.tlog
c:\users\shelby\source\repos\swilliams_slaythewordle\release\swilliam.fc995e1b.tlog\metagen.read.1.tlog
c:\users\shelby\source\repos\swilliams_slaythewordle\release\swilliam.fc995e1b.tlog\metagen.write.1.tlog
c:\users\shelby\source\repos\swilliams_slaythewordle\release\swilliam.fc995e1b.tlog\rc.command.1.tlog
c:\users\shelby\source\repos\swilliams_slaythewordle\release\swilliam.fc995e1b.tlog\rc.read.1.tlog
c:\users\shelby\source\repos\swilliams_slaythewordle\release\swilliam.fc995e1b.tlog\rc.write.1.tlog
c:\users\shelby\source\repos\swilliams_slaythewordle\release\swilliam.fc995e1b.tlog\swilliams_slaythewordle.write.1u.tlog
